# JRE version: Java(TM) SE Runtime Environment (17.0.1+12) (build 17.0.1+12-LTS-39)
# Java VM: Java HotSpot(TM) 64-Bit Server VM (17.0.1+12-LTS-39, mixed mode, sharing, tiered, compressed oops, compressed class ptrs, g1 gc, windows-amd64)
GC Precious Log:
 CPUs: 12 total, 12 available
 Memory: 16281M
 Large Page Support: Disabled
 NUMA Support: Disabled
 Compressed Oops: Enabled (32-bit)
 Heap Region Size: 1M
 Heap Min Capacity: 8M
 Heap Initial Capacity: 256M
 Heap Max Capacity: 2G
 Pre-touch: Disabled
 Parallel Workers: 10
 Concurrent Workers: 3
 Concurrent Refinement Workers: 10
 Periodic GC: Disabled
Heap:
 garbage-first heap   total 310272K, used 258189K [0x0000000080000000, 0x0000000100000000)
  region size 1024K, 4 young (4096K), 3 survivors (3072K)
 Metaspace       used 109934K, committed 110720K, reserved 1146880K
  class space    used 14166K, committed 14528K, reserved 1048576K
GC Heap History (20 events):
Event: 14.606 GC heap before
{Heap before GC invocations=42 (full 0):
 garbage-first heap   total 310272K, used 250333K [0x0000000080000000, 0x0000000100000000)
  region size 1024K, 65 young (66560K), 8 survivors (8192K)
 Metaspace       used 91670K, committed 92288K, reserved 1130496K
  class space    used 12189K, committed 12480K, reserved 1048576K
}
Event: 14.611 GC heap after
{Heap after GC invocations=43 (full 0):
 garbage-first heap   total 310272K, used 197402K [0x0000000080000000, 0x0000000100000000)
  region size 1024K, 8 young (8192K), 8 survivors (8192K)
 Metaspace       used 91670K, committed 92288K, reserved 1130496K
  class space    used 12189K, committed 12480K, reserved 1048576K
}
Event: 23.845 GC heap before
{Heap before GC invocations=43 (full 0):
 garbage-first heap   total 310272K, used 252698K [0x0000000080000000, 0x0000000100000000)
  region size 1024K, 63 young (64512K), 8 survivors (8192K)
 Metaspace       used 94079K, committed 94720K, reserved 1138688K
  class space    used 12478K, committed 12736K, reserved 1048576K
}
Event: 23.850 GC heap after
{Heap after GC invocations=44 (full 0):
 garbage-first heap   total 310272K, used 204979K [0x0000000080000000, 0x0000000100000000)
  region size 1024K, 8 young (8192K), 8 survivors (8192K)
 Metaspace       used 94079K, committed 94720K, reserved 1138688K
  class space    used 12478K, committed 12736K, reserved 1048576K
}
Event: 24.167 GC heap before
{Heap before GC invocations=44 (full 0):
 garbage-first heap   total 310272K, used 254131K [0x0000000080000000, 0x0000000100000000)
  region size 1024K, 57 young (58368K), 8 survivors (8192K)
 Metaspace       used 94455K, committed 95104K, reserved 1138688K
  class space    used 12534K, committed 12800K, reserved 1048576K
}
Event: 24.170 GC heap after
{Heap after GC invocations=45 (full 0):
 garbage-first heap   total 310272K, used 206034K [0x0000000080000000, 0x0000000100000000)
  region size 1024K, 6 young (6144K), 6 survivors (6144K)
 Metaspace       used 94455K, committed 95104K, reserved 1138688K
  class space    used 12534K, committed 12800K, reserved 1048576K
}
Event: 25.112 GC heap before
{Heap before GC invocations=45 (full 0):
 garbage-first heap   total 310272K, used 255186K [0x0000000080000000, 0x0000000100000000)
  region size 1024K, 55 young (56320K), 6 survivors (6144K)
 Metaspace       used 96828K, committed 97472K, reserved 1138688K
  class space    used 12812K, committed 13056K, reserved 1048576K
}
Event: 25.116 GC heap after
{Heap after GC invocations=46 (full 0):
 garbage-first heap   total 310272K, used 210645K [0x0000000080000000, 0x0000000100000000)
  region size 1024K, 6 young (6144K), 6 survivors (6144K)
 Metaspace       used 96828K, committed 97472K, reserved 1138688K
  class space    used 12812K, committed 13056K, reserved 1048576K
}
Event: 38.480 GC heap before
{Heap before GC invocations=46 (full 0):
 garbage-first heap   total 310272K, used 257749K [0x0000000080000000, 0x0000000100000000)
  region size 1024K, 53 young (54272K), 6 survivors (6144K)
 Metaspace       used 99001K, committed 99712K, reserved 1138688K
  class space    used 13096K, committed 13440K, reserved 1048576K
}
Event: 38.483 GC heap after
{Heap after GC invocations=47 (full 0):
 garbage-first heap   total 310272K, used 211974K [0x0000000080000000, 0x0000000100000000)
  region size 1024K, 2 young (2048K), 2 survivors (2048K)
 Metaspace       used 99001K, committed 99712K, reserved 1138688K
  class space    used 13096K, committed 13440K, reserved 1048576K
}
Event: 39.018 GC heap before
{Heap before GC invocations=47 (full 0):
 garbage-first heap   total 310272K, used 260102K [0x0000000080000000, 0x0000000100000000)
  region size 1024K, 50 young (51200K), 2 survivors (2048K)
 Metaspace       used 99637K, committed 100352K, reserved 1138688K
  class space    used 13143K, committed 13504K, reserved 1048576K
}
Event: 39.024 GC heap after
{Heap after GC invocations=48 (full 0):
 garbage-first heap   total 310272K, used 219896K [0x0000000080000000, 0x0000000100000000)
  region size 1024K, 7 young (7168K), 7 survivors (7168K)
 Metaspace       used 99637K, committed 100352K, reserved 1138688K
  class space    used 13143K, committed 13504K, reserved 1048576K
}
Event: 39.455 GC heap before
{Heap before GC invocations=48 (full 0):
 garbage-first heap   total 310272K, used 262904K [0x0000000080000000, 0x0000000100000000)
  region size 1024K, 48 young (49152K), 7 survivors (7168K)
 Metaspace       used 99878K, committed 100608K, reserved 1138688K
  class space    used 13155K, committed 13504K, reserved 1048576K
}
Event: 39.457 GC heap after
{Heap after GC invocations=49 (full 0):
 garbage-first heap   total 310272K, used 221462K [0x0000000080000000, 0x0000000100000000)
  region size 1024K, 2 young (2048K), 2 survivors (2048K)
 Metaspace       used 99878K, committed 100608K, reserved 1138688K
  class space    used 13155K, committed 13504K, reserved 1048576K
}
Event: 40.200 GC heap before
{Heap before GC invocations=49 (full 0):
 garbage-first heap   total 310272K, used 271638K [0x0000000080000000, 0x0000000100000000)
  region size 1024K, 44 young (45056K), 2 survivors (2048K)
 Metaspace       used 107032K, committed 107712K, reserved 1146880K
  class space    used 13936K, committed 14272K, reserved 1048576K
}
Event: 40.202 GC heap after
{Heap after GC invocations=50 (full 0):
 garbage-first heap   total 310272K, used 227238K [0x0000000080000000, 0x0000000100000000)
  region size 1024K, 5 young (5120K), 5 survivors (5120K)
 Metaspace       used 107032K, committed 107712K, reserved 1146880K
  class space    used 13936K, committed 14272K, reserved 1048576K
}
Event: 40.904 GC heap before
{Heap before GC invocations=50 (full 0):
 garbage-first heap   total 310272K, used 265126K [0x0000000080000000, 0x0000000100000000)
  region size 1024K, 42 young (43008K), 5 survivors (5120K)
 Metaspace       used 108995K, committed 109760K, reserved 1146880K
  class space    used 14097K, committed 14464K, reserved 1048576K
}
Event: 40.908 GC heap after
{Heap after GC invocations=51 (full 0):
 garbage-first heap   total 310272K, used 236243K [0x0000000080000000, 0x0000000100000000)
  region size 1024K, 6 young (6144K), 6 survivors (6144K)
 Metaspace       used 108995K, committed 109760K, reserved 1146880K
  class space    used 14097K, committed 14464K, reserved 1048576K
}
Event: 41.336 GC heap before
{Heap before GC invocations=51 (full 0):
 garbage-first heap   total 310272K, used 266963K [0x0000000080000000, 0x0000000100000000)
  region size 1024K, 34 young (34816K), 6 survivors (6144K)
 Metaspace       used 109571K, committed 110336K, reserved 1146880K
  class space    used 14149K, committed 14464K, reserved 1048576K
}
Event: 41.340 GC heap after
{Heap after GC invocations=52 (full 0):
 garbage-first heap   total 310272K, used 245949K [0x0000000080000000, 0x0000000100000000)
  region size 1024K, 5 young (5120K), 5 survivors (5120K)
 Metaspace       used 109571K, committed 110336K, reserved 1146880K
  class space    used 14149K, committed 14464K, reserved 1048576K
}

